<?xml version="1.0" encoding="UTF-8"?>
<testsuite xmlns:xsi="http://www.w3.org/2001/XMLSchema-instance" xsi:noNamespaceSchemaLocation="https://maven.apache.org/surefire/maven-surefire-plugin/xsd/surefire-test-report-3.0.xsd" version="3.0" name="com.library.LibraryManagementSystem.AppTest" time="0.014" tests="1" errors="0" skipped="0" failures="0">
  <properties>
    <property name="java.specification.version" value="21"/>
    <property name="sun.cpu.isalist" value="amd64"/>
    <property name="sun.jnu.encoding" value="Cp1252"/>
    <property name="java.class.path" value="C:\Users\hv767\OneDrive\Desktop\LibraryManagementSystem\target\test-classes;C:\Users\hv767\OneDrive\Desktop\LibraryManagementSystem\target\classes;C:\Users\hv767\.m2\repository\junit\junit\3.8.1\junit-3.8.1.jar;C:\Users\hv767\.m2\repository\org\springframework\spring-context\5.3.33\spring-context-5.3.33.jar;C:\Users\hv767\.m2\repository\org\springframework\spring-beans\5.3.33\spring-beans-5.3.33.jar;C:\Users\hv767\.m2\repository\org\springframework\spring-core\5.3.33\spring-core-5.3.33.jar;C:\Users\hv767\.m2\repository\org\springframework\spring-jcl\5.3.33\spring-jcl-5.3.33.jar;C:\Users\hv767\.m2\repository\org\springframework\spring-expression\5.3.33\spring-expression-5.3.33.jar;C:\Users\hv767\.m2\repository\org\springframework\spring-aop\5.3.33\spring-aop-5.3.33.jar;C:\Users\hv767\.m2\repository\org\springframework\spring-webmvc\5.3.33\spring-webmvc-5.3.33.jar;C:\Users\hv767\.m2\repository\org\springframework\spring-web\5.3.33\spring-web-5.3.33.jar;C:\Users\hv767\.m2\repository\javax\servlet\jstl\1.2\jstl-1.2.jar;C:\Users\hv767\.m2\repository\javax\servlet\javax.servlet-api\4.0.1\javax.servlet-api-4.0.1.jar;"/>
    <property name="java.vm.vendor" value="Eclipse Adoptium"/>
    <property name="sun.arch.data.model" value="64"/>
    <property name="user.variant" value=""/>
    <property name="java.vendor.url" value="https://adoptium.net/"/>
    <property name="user.timezone" value="Asia/Calcutta"/>
    <property name="os.name" value="Windows 11"/>
    <property name="java.vm.specification.version" value="21"/>
    <property name="sun.java.launcher" value="SUN_STANDARD"/>
    <property name="user.country" value="IN"/>
    <property name="sun.boot.library.path" value="D:\Java_Eclipse\eclipse\plugins\org.eclipse.justj.openjdk.hotspot.jre.full.win32.x86_64_21.0.7.v20250502-0916\jre\bin"/>
    <property name="sun.java.command" value="C:\Users\hv767\AppData\Local\Temp\surefire10148374465757385580\surefirebooter-20250707144635969_3.jar C:\Users\hv767\AppData\Local\Temp\surefire10148374465757385580 2025-07-07T14-46-35_886-jvmRun1 surefire-20250707144635969_1tmp surefire_0-20250707144635969_2tmp"/>
    <property name="jdk.debug" value="release"/>
    <property name="surefire.test.class.path" value="C:\Users\hv767\OneDrive\Desktop\LibraryManagementSystem\target\test-classes;C:\Users\hv767\OneDrive\Desktop\LibraryManagementSystem\target\classes;C:\Users\hv767\.m2\repository\junit\junit\3.8.1\junit-3.8.1.jar;C:\Users\hv767\.m2\repository\org\springframework\spring-context\5.3.33\spring-context-5.3.33.jar;C:\Users\hv767\.m2\repository\org\springframework\spring-beans\5.3.33\spring-beans-5.3.33.jar;C:\Users\hv767\.m2\repository\org\springframework\spring-core\5.3.33\spring-core-5.3.33.jar;C:\Users\hv767\.m2\repository\org\springframework\spring-jcl\5.3.33\spring-jcl-5.3.33.jar;C:\Users\hv767\.m2\repository\org\springframework\spring-expression\5.3.33\spring-expression-5.3.33.jar;C:\Users\hv767\.m2\repository\org\springframework\spring-aop\5.3.33\spring-aop-5.3.33.jar;C:\Users\hv767\.m2\repository\org\springframework\spring-webmvc\5.3.33\spring-webmvc-5.3.33.jar;C:\Users\hv767\.m2\repository\org\springframework\spring-web\5.3.33\spring-web-5.3.33.jar;C:\Users\hv767\.m2\repository\javax\servlet\jstl\1.2\jstl-1.2.jar;C:\Users\hv767\.m2\repository\javax\servlet\javax.servlet-api\4.0.1\javax.servlet-api-4.0.1.jar;"/>
    <property name="sun.cpu.endian" value="little"/>
    <property name="user.home" value="C:\Users\hv767"/>
    <property name="user.language" value="en"/>
    <property name="java.specification.vendor" value="Oracle Corporation"/>
    <property name="java.version.date" value="2025-04-15"/>
    <property name="java.home" value="D:\Java_Eclipse\eclipse\plugins\org.eclipse.justj.openjdk.hotspot.jre.full.win32.x86_64_21.0.7.v20250502-0916\jre"/>
    <property name="file.separator" value="\"/>
    <property name="basedir" value="C:\Users\hv767\OneDrive\Desktop\LibraryManagementSystem"/>
    <property name="style.color" value="always"/>
    <property name="java.vm.compressedOopsMode" value="Zero based"/>
    <property name="line.separator" value="&#10;"/>
    <property name="java.vm.specification.vendor" value="Oracle Corporation"/>
    <property name="java.specification.name" value="Java Platform API Specification"/>
    <property name="surefire.real.class.path" value="C:\Users\hv767\AppData\Local\Temp\surefire10148374465757385580\surefirebooter-20250707144635969_3.jar"/>
    <property name="user.script" value=""/>
    <property name="sun.management.compiler" value="HotSpot 64-Bit Tiered Compilers"/>
    <property name="java.runtime.version" value="21.0.7+6-LTS"/>
    <property name="user.name" value="hv767"/>
    <property name="stdout.encoding" value="Cp1252"/>
    <property name="path.separator" value=";"/>
    <property name="os.version" value="10.0"/>
    <property name="java.runtime.name" value="OpenJDK Runtime Environment"/>
    <property name="file.encoding" value="UTF-8"/>
    <property name="java.vm.name" value="OpenJDK 64-Bit Server VM"/>
    <property name="java.vendor.version" value="Temurin-21.0.7+6"/>
    <property name="localRepository" value="C:\Users\hv767\.m2\repository"/>
    <property name="java.vendor.url.bug" value="https://github.com/adoptium/adoptium-support/issues"/>
    <property name="java.io.tmpdir" value="C:\Users\hv767\AppData\Local\Temp\"/>
    <property name="java.version" value="21.0.7"/>
    <property name="user.dir" value="C:\Users\hv767\OneDrive\Desktop\LibraryManagementSystem"/>
    <property name="os.arch" value="amd64"/>
    <property name="java.vm.specification.name" value="Java Virtual Machine Specification"/>
    <property name="sun.os.patch.level" value=""/>
    <property name="native.encoding" value="Cp1252"/>
    <property name="java.library.path" value="D:\Java_Eclipse\eclipse\plugins\org.eclipse.justj.openjdk.hotspot.jre.full.win32.x86_64_21.0.7.v20250502-0916\jre\bin;C:\Windows\Sun\Java\bin;C:\Windows\system32;C:\Windows;D:/Java_Eclipse/eclipse//plugins/org.eclipse.justj.openjdk.hotspot.jre.full.win32.x86_64_21.0.7.v20250502-0916/jre/bin/server;D:/Java_Eclipse/eclipse//plugins/org.eclipse.justj.openjdk.hotspot.jre.full.win32.x86_64_21.0.7.v20250502-0916/jre/bin;C:\Program Files\Common Files\Oracle\Java\javapath;D:\ORACLE_DB\bin;C:\Users\hv767\Downloads\WINDOWS.X64_213000_db_home\bin;D:\WINDOWS.X64_213000_db_home\bin;C:\app\hv767\product\21c\dbhomeXE\bin;C:\Program Files (x86)\Common Files\Intel\Shared Libraries\redist\intel64\compiler;C:\Windows\system32;C:\Windows;C:\Windows\System32\Wbem;C:\Windows\System32\WindowsPowerShell\v1.0\;C:\Windows\System32\OpenSSH\;C:\Program Files (x86)\NVIDIA Corporation\PhysX\Common;C:\Program Files\NVIDIA Corporation\NVIDIA NvDLISR;C:\Program Files\CMake\bin;C:\Program Files\Git\cmd;C:\Program Files\Java\jdk-21\bin;C:\Program Files\nodejs\;C:\Program Files (x86)\Windows Kits\10\Windows Performance Toolkit\;C:\Program Files\dotnet\;C:\Program Files\Java\jdk-24\bin;C:\Program Files\MySQL\MySQL Shell 8.0\bin\;C:\Users\hv767\AppData\Local\Microsoft\WindowsApps;C:\msys64\ucrt64\bin;C:\Users\hv767\AppData\Local\Programs\Microsoft VS Code\bin;C:\Users\hv767\AppData\Local\Programs\Python\Python312;C:\Users\hv767\AppData\Local\Programs\Python\Python312\Scripts;C:\Users\hv767\AppData\Roaming\npm;D:\IntelliJ IDEA\IntelliJ IDEA Community Edition 2025.1.2\bin;;D:\Java_Eclipse\eclipse;;."/>
    <property name="java.vm.info" value="mixed mode, sharing"/>
    <property name="stderr.encoding" value="Cp1252"/>
    <property name="java.vendor" value="Eclipse Adoptium"/>
    <property name="java.vm.version" value="21.0.7+6-LTS"/>
    <property name="sun.io.unicode.encoding" value="UnicodeLittle"/>
    <property name="java.class.version" value="65.0"/>
  </properties>
  <testcase name="testApp" classname="com.library.LibraryManagementSystem.AppTest" time="0.002"/>
</testsuite>